<?xml version="1.0" encoding="UTF-8"?>
<!-- Generated by org.testng.reporters.JUnitXMLReporter -->
<testsuite ignored="2" hostname="QT-UK-LT0998" failures="1" tests="1" name="Advanced-Selenium-Webdriver" time="0.405" errors="0" timestamp="2022-04-21T13:22:01 BST">
  <testcase classname="com.qualitest.sjumbe.alertests.AlertTest" name="jsPromptTest" time="0.0">
    <failure type="org.testng.TestNGException" message="
Parameter &amp;apos;alertChoice&amp;apos; is required by @Test on method jsPromptTest but has not been marked @Optional or defined
in C:\Users\stewart.jumbe\AppData\Local\JetBrains\IdeaIC2021.3\temp-testng-customsuite.xml">
      <![CDATA[org.testng.TestNGException: 
Parameter 'alertChoice' is required by @Test on method jsPromptTest but has not been marked @Optional or defined
in C:\Users\stewart.jumbe\AppData\Local\JetBrains\IdeaIC2021.3\temp-testng-customsuite.xml
at java.base/java.util.ArrayList.forEach(ArrayList.java:1511)
at com.intellij.rt.testng.IDEARemoteTestNG.run(IDEARemoteTestNG.java:66)
at com.intellij.rt.testng.RemoteTestNGStarter.main(RemoteTestNGStarter.java:109)
... Removed 23 stack frames]]>
    </failure>
  </testcase> <!-- jsPromptTest -->
  <testcase classname="com.qualitest.sjumbe.alertests.AlertTest" name="jsConfirmTest" time="0.0">
    <ignored/>
  </testcase> <!-- jsConfirmTest -->
  <testcase classname="com.qualitest.sjumbe.alertests.AlertTest" name="jsAlertTest" time="0.0">
    <ignored/>
  </testcase> <!-- jsAlertTest -->
</testsuite> <!-- Advanced-Selenium-Webdriver -->
